2025-05-06 15:21:24 [STEP] Script démarré.
2025-05-06 15:21:25 [INFO]     Fichier Log: C:\Users\Utilisateur\Documents\VBOXSVRDeploy_DSC_V5\Logs\Deploy-Machine_DESKTOP-0QJ2P1V_20250506_152124.log
2025-05-06 15:21:25 [SUCCESS]     Vérification des privilèges administrateur: OK
2025-05-06 15:21:25 [INFO]     Vérification du numéro de série pour renommage optionnel...
2025-05-06 15:21:25 [DEBUG]         Numéro de série détecté : 'VirtualBox-30831fe3-f459-41ff-8c3b-2e4e31a5e472'
2025-05-06 15:21:34 [INFO]     L'utilisateur a choisi de renommer l'ordinateur avec le numéro de série: 'VirtualBox-30831fe3-f459-41ff-8c3b-2e4e31a5e472'
2025-05-06 15:21:34 [INFO]     Nom Cible pour DSC: VirtualBox-30831fe3-f459-41ff-8c3b-2e4e31a5e472
2025-05-06 15:21:34 [INFO]     Jonction au domaine désactivée.
2025-05-06 15:21:34 [INFO]     Vérification du module DSC cChoco...
2025-05-06 15:21:37 [INFO]         Exécution de: Install-Module -Name cChoco -Force
2025-05-06 15:21:42 [SUCCESS]     Module PowerShell 'cChoco' installé avec succès.
2025-05-06 15:21:42 [INFO]     Vérification du module DSC ComputerManagementDsc...
2025-05-06 15:21:42 [WARN]     Module DSC 'ComputerManagementDsc' non trouvé. Tentative d'installation automatique...
2025-05-06 15:21:42 [INFO]         Activation de TLS 1.2 pour l'installation...
2025-05-06 15:21:42 [INFO]         Exécution de: Install-Module -Name ComputerManagementDsc -Force
2025-05-06 15:21:46 [SUCCESS]     Module DSC 'ComputerManagementDsc' installé avec succès.
2025-05-06 15:21:46 [INFO]     Vérification finale de la disponibilité du module 'cChoco'...
2025-05-06 15:21:46 [SUCCESS]     Module 'cChoco' version 2.6.0.0 est bien disponible pour utilisation.
2025-05-06 15:21:46 [DEBUG]         Tentative de pré-chargement du module 'cChoco'...
2025-05-06 15:21:46 [DEBUG]         Module 'cChoco' chargé avec succès dans la session.
2025-05-06 15:21:46 [INFO]     Vérification finale de la disponibilité du module 'cChoco'...
2025-05-06 15:21:46 [SUCCESS]     Module 'cChoco' version 2.6.0.0 est bien disponible pour utilisation.
2025-05-06 15:21:46 [DEBUG]         Tentative de pré-chargement du module 'cChoco' dans la session...
2025-05-06 15:21:46 [SUCCESS]         Module 'cChoco' chargé avec succès dans la session.
2025-05-06 15:21:46 [STEP] Phase 1: Démarrage de la gestion BitLocker...
2025-05-06 15:21:46 [INFO]     Importation du module BitLocker...
2025-05-06 15:21:46 [SUCCESS]     Module BitLocker importé.
2025-05-06 15:21:47 [SUCCESS]     Aucun volume avec BitLocker actif détecté.
2025-05-06 15:21:47 [STEP] Phase 1: Gestion BitLocker terminée.
2025-05-06 15:21:47 [INFO]     Affichage des options logicielles disponibles...
2025-05-06 15:21:49 [INFO]     Aucun logiciel optionnel sélectionné par l'utilisateur.
2025-05-06 15:21:49 [STEP] Phase 2 terminée. IDs Choco optionnels sélectionnés: 
2025-05-06 15:21:49 [STEP] Phase 3: Démarrage de la préparation et de l'appel DSC...
2025-05-06 15:21:49 [DEBUG]     Données de configuration préparées :
2025-05-06 15:21:49 [DEBUG]         
Name                           Value                                                                                                                                                         
----                           -----                                                                                                                                                         
AllNodes                       {System.Collections.Hashtable}                                                                                                                                



2025-05-06 15:21:49 [INFO]     Chemin de sortie pour le MOF: C:\Users\Utilisateur\Documents\VBOXSVRDeploy_DSC_V5\DSC_MOF
2025-05-06 15:21:49 [INFO]     Importation de la définition de configuration depuis .\MachineConfiguration.ps1...
2025-05-06 15:21:51 [SUCCESS]     Définition de configuration importée avec succès.
2025-05-06 15:21:51 [INFO]     Génération du fichier MOF...
2025-05-06 15:21:51 [DEBUG]         Paramètres pour MachineConfiguration:
2025-05-06 15:21:51 [DEBUG]               ComputerName            : VirtualBox-30831fe3-f459-41ff-8c3b-2e4e31a5e472
2025-05-06 15:21:51 [DEBUG]               OptionalChocoPackages   : 
2025-05-06 15:21:51 [DEBUG]               CoreChocoPackages       : googlechrome, firefox, adobereader, notepadplusplus.install
2025-05-06 15:21:51 [DEBUG]               WindowsFeaturesToEnsure : NetFx3
2025-05-06 15:21:51 [DEBUG]               RebootNodeIfNeeded      : True
2025-05-06 15:21:51 [DEBUG]               OutputPath              : C:\Users\Utilisateur\Documents\VBOXSVRDeploy_DSC_V5\DSC_MOF
2025-05-06 15:21:52 [DEBUG]         Appel à MachineConfiguration terminé.
2025-05-06 15:21:52 [SUCCESS]     Fichier MOF généré avec succès : C:\Users\Utilisateur\Documents\VBOXSVRDeploy_DSC_V5\DSC_MOF\VirtualBox-30831fe3-f459-41ff-8c3b-2e4e31a5e472.mof
2025-05-06 15:21:52 [INFO]     Configuration et Vérification de WinRM (requis pour DSC)...
2025-05-06 15:21:52 [DEBUG]         Configuration du service WinRM en démarrage automatique...
2025-05-06 15:21:52 [DEBUG]         Démarrage du service WinRM...
2025-05-06 15:21:55 [DEBUG]         Exécution de 'winrm quickconfig -q' pour configurer les écouteurs/pare-feu...
2025-05-06 15:21:55 [DEBUG]         Test de la connexion WinRM locale (Test-WSMan localhost)...
2025-05-06 15:21:56 [SUCCESS]         Test de connexion WinRM local réussi.
2025-05-06 15:21:56 [SUCCESS]     Configuration et vérification de WinRM terminées avec succès.
2025-05-06 15:21:56 [INFO]     Application de la configuration DSC sur 'DESKTOP-0QJ2P1V'...
2025-05-06 15:21:56 [INFO]         C'est normal si ça ne bouge pas pendant 15 minutes, en fonction des ressources et des installations...
2025-05-06 15:21:56 [ERROR]     ERREUR lors de l'application de la configuration DSC (Start-DscConfiguration) :
2025-05-06 15:21:56 [ERROR]         Le client WinRM ne peut pas traiter la demande. Si le modèle d’authentification n’est pas Kerberos, ou si l’ordinateur client n’est pas membre d’un domaine, le transport HTTPS doit être utilisé ou l’ordinateur de destination doit être ajouté au paramètre de configuration TrustedHosts. Utilisez winrm.cmd pour configurer TrustedHosts. Notez que les ordinateurs dans la liste TrustedHosts ne sont peut-être pas authentifiés. Pour plus d’informations, exécutez la commande suivante : winrm help config.
2025-05-06 15:21:56 [WARN]         Impossible de récupérer les erreurs détaillées via Get-DscConfigurationStatus.
2025-05-06 15:21:56 [STEP] Phase 3: Préparation et Appel DSC terminés.
2025-05-06 15:21:56 [STEP] Phase 4: Démarrage de la vérification post-DSC...
2025-05-06 15:21:56 [INFO]     Test de l'état de la configuration DSC appliquée...
2025-05-06 15:21:56 [ERROR]     ERREUR lors de l'exécution de Test-DscConfiguration :
2025-05-06 15:21:56 [ERROR]         La configuration actuelle n'existe pas. Exécutez la commande Start-DscConfiguration avec le paramètre -Path pour commencer par spécifier un fichier de configuration et créer une configuration actuelle.
2025-05-06 15:21:59 [INFO]     Vérification Nom Actuel: DESKTOP-0QJ2P1V
2025-05-06 15:22:10 [INFO]     Vérification Domaine/Groupe Actuel: 
2025-05-06 15:22:10 [WARN]         Le nom d'ordinateur actuel ne correspond pas encore au nom cible. Un redémarrage est probablement nécessaire.
2025-05-06 15:22:10 [STEP] Phase 4: Vérification Post-DSC terminée.
2025-05-06 15:22:10 [STEP] Phase 5.5: Démarrage épinglage applications...
2025-05-06 15:22:10 [INFO]     Vérification des chemins et tentative d'épinglage (Chrome, Firefox, Adobe Reader)...
2025-05-06 15:22:11 [SUCCESS]     Tentatives d'épinglage terminées (exécution basée sur la fonction Pin-AppToTaskbar).
2025-05-06 15:22:11 [INFO]         Note: L'épinglage réel dépend de l'implémentation dans la fonction Pin-AppToTaskbar.
2025-05-06 15:22:11 [STEP] Phase 6: Démarrage vérification/installation des mises à jour Windows...
2025-05-06 15:22:11 [INFO]     Vérification de la disponibilité du module 'PSWindowsUpdate'...
2025-05-06 15:22:11 [INFO]     Module 'PSWindowsUpdate' non trouvé. Tentative d'installation...
2025-05-06 15:22:13 [INFO]         Approbation du dépôt PSGallery...
2025-05-06 15:22:19 [INFO]         Installation de 'PSWindowsUpdate' depuis PSGallery...
